#
# A fatal error has been detected by the Java Runtime Environment:
#
#  Internal Error (javaClasses.cpp:129), pid=3644, tid=2636
#  fatal error: Invalid layout of preloaded class
#
# JRE version: 7.0_25-b17
# Java VM: Java HotSpot(TM) Client VM (23.25-b01 mixed mode windows-x86 )
# Failed to write core dump. Minidumps are not enabled by default on client versions of Windows
#
# If you would like to submit a bug report, please visit:
#   http://bugreport.sun.com/bugreport/crash.jsp
#

---------------  T H R E A D  ---------------

Current thread (0x00868c00):  JavaThread "Unknown thread" [_thread_in_vm, id=2636, stack(0x00950000,0x009a0000)]

Stack: [0x00950000,0x009a0000],  sp=0x0099fb1c,  free space=318k
Native frames: (J=compiled Java code, j=interpreted, Vv=VM code, C=native code)
V  [jvm.dll+0x167e31]
V  [jvm.dll+0x1620f6]
V  [jvm.dll+0x1f92f]
V  [jvm.dll+0x1f9b6]
V  [jvm.dll+0x2cffd]
V  [jvm.dll+0x2d2a9]
V  [jvm.dll+0x75351]
V  [jvm.dll+0x7570b]
V  [jvm.dll+0x123881]
V  [jvm.dll+0x1439cc]
V  [jvm.dll+0xa619f]
C  [javaw.exe+0x13ca]
C  [javaw.exe+0x1e3c]
C  [javaw.exe+0xa5b1]
C  [javaw.exe+0xa63b]
C  [kernel32.dll+0xb729]  GetModuleFileNameA+0x1ba


---------------  P R O C E S S  ---------------

Java Threads: ( => current thread )

Other Threads:

=>0x00868c00 (exited) JavaThread "Unknown thread" [_thread_in_vm, id=2636, stack(0x00950000,0x009a0000)]

VM state:not at safepoint (not fully initialized)

VM Mutex/Monitor currently owned by a thread: None

GC Heap History (0 events):
No events

Deoptimization events (0 events):
No events

Internal exceptions (0 events):
No events

Events (10 events):
Event: 0.070 loading class 0x0086fb90 done
Event: 0.070 loading class 0x0086f4d0 done
Event: 0.070 loading class 0x0086f4a8
Event: 0.071 loading class 0x02ac65f8
Event: 0.071 loading class 0x02ac65f8 done
Event: 0.071 loading class 0x02ac6630
Event: 0.071 loading class 0x02ac6630 done
Event: 0.071 loading class 0x02ac6668
Event: 0.071 loading class 0x02ac6668 done
Event: 0.072 loading class 0x0086f4a8 done


Dynamic libraries:
0x00400000 - 0x0042f000 	C:\Program Files\Java\jdk1.7.0_25\bin\javaw.exe
0x7c920000 - 0x7c9b6000 	C:\WINDOWS\system32\ntdll.dll
0x7c800000 - 0x7c91e000 	C:\WINDOWS\system32\kernel32.dll
0x77da0000 - 0x77e49000 	C:\WINDOWS\system32\ADVAPI32.dll
0x77e50000 - 0x77ee3000 	C:\WINDOWS\system32\RPCRT4.dll
0x77fc0000 - 0x77fd1000 	C:\WINDOWS\system32\Secur32.dll
0x77d10000 - 0x77da0000 	C:\WINDOWS\system32\USER32.dll
0x77ef0000 - 0x77f39000 	C:\WINDOWS\system32\GDI32.dll
0x77180000 - 0x77283000 	C:\WINDOWS\WinSxS\x86_Microsoft.Windows.Common-Controls_6595b64144ccf1df_6.0.2600.6028_x-ww_61e65202\COMCTL32.dll
0x77be0000 - 0x77c38000 	C:\WINDOWS\system32\msvcrt.dll
0x77f40000 - 0x77fb6000 	C:\WINDOWS\system32\SHLWAPI.dll
0x76300000 - 0x7631d000 	C:\WINDOWS\system32\IMM32.DLL
0x62c20000 - 0x62c29000 	C:\WINDOWS\system32\LPK.DLL
0x73fa0000 - 0x7400b000 	C:\WINDOWS\system32\USP10.dll
0x78aa0000 - 0x78b5e000 	C:\Program Files\Java\jdk1.7.0_25\jre\bin\msvcr100.dll
0x6e8c0000 - 0x6ec02000 	C:\Program Files\Java\jdk1.7.0_25\jre\bin\client\jvm.dll
0x71a40000 - 0x71a4b000 	C:\WINDOWS\system32\WSOCK32.dll
0x71a20000 - 0x71a37000 	C:\WINDOWS\system32\WS2_32.dll
0x71a10000 - 0x71a18000 	C:\WINDOWS\system32\WS2HELP.dll
0x76b10000 - 0x76b3a000 	C:\WINDOWS\system32\WINMM.dll
0x76bc0000 - 0x76bcb000 	C:\WINDOWS\system32\PSAPI.DLL
0x6e810000 - 0x6e81c000 	C:\Program Files\Java\jdk1.7.0_25\jre\bin\verify.dll
0x6d5a0000 - 0x6d5c0000 	C:\Program Files\Java\jdk1.7.0_25\jre\bin\java.dll
0x6e8a0000 - 0x6e8b3000 	C:\Program Files\Java\jdk1.7.0_25\jre\bin\zip.dll
0x68d60000 - 0x68e01000 	C:\WINDOWS\system32\dbghelp.dll
0x77bd0000 - 0x77bd8000 	C:\WINDOWS\system32\VERSION.dll

VM Arguments:
jvm_args: -Dfile.encoding=GBK -Xbootclasspath:D:\adt-bundle-windows-x86-20130917\sdk\platforms\android-18\android.jar 
java_command: org.eclipse.jdt.internal.junit.runner.RemoteTestRunner -version 3 -port 1526 -testLoaderClass org.eclipse.jdt.internal.junit4.runner.JUnit4TestLoader -loaderpluginname org.eclipse.jdt.junit4.runtime -test cn.buaa.myweixin.apiutils.MCTools:teststr
Launcher Type: SUN_STANDARD

Environment Variables:
JAVA_HOME=C:\Program Files\Java\jdk1.7.0_25
PATH=C:/Program Files/Java/jdk1.7.0_25/bin/../jre/bin/client;C:/Program Files/Java/jdk1.7.0_25/bin/../jre/bin;C:/Program Files/Java/jdk1.7.0_25/bin/../jre/lib/i386;D:\nginx;C:\Program Files\Java\jdk1.7.0_25\bin;C:\WINDOWS\system32;C:\WINDOWS;C:\WINDOWS\System32\Wbem;D:\node\;C:\Program Files\TortoiseGit\bin;C:\Documents and Settings\Tate\Local Settings\Application Data\Kingsoft\WPS Office\9.1.0.4369\office6;C:\Documents and Settings\Tate\Application Data\npm;D:\adt-bundle-windows-x86-20130917\eclipse;
USERNAME=Tate
OS=Windows_NT
PROCESSOR_IDENTIFIER=x86 Family 6 Model 15 Stepping 10, GenuineIntel



---------------  S Y S T E M  ---------------

OS: Windows XP Build 2600 Service Pack 3

CPU:total 2 (2 cores per cpu, 1 threads per core) family 6 model 15 stepping 10, cmov, cx8, fxsr, mmx, sse, sse2, sse3, ssse3, tsc

Memory: 4k page, physical 2062564k(1204104k free), swap 4001040k(2977600k free)

vm_info: Java HotSpot(TM) Client VM (23.25-b01) for windows-x86 JRE (1.7.0_25-b17), built on Jun 21 2013 13:06:48 by "java_re" with unknown MS VC++:1600

time: Tue Oct 22 10:27:33 2013
elapsed time: 0 seconds

